<?xml version="1.0" encoding="UTF-8"?>
<!-- Generated by org.testng.reporters.JUnitReportReporter -->
<testsuite hostname="ejijo-in" name="TestEngine.XmlGenerator" tests="1" failures="0" timestamp="17 Jul 2019 16:56:40 GMT" time="146.313" errors="0">
  <testcase name="xmlCreate" time="146.313" classname="TestEngine.XmlGenerator"/>
</testsuite> <!-- TestEngine.XmlGenerator -->
