<?xml version="1.0" encoding="UTF-8"?>
<!-- Generated by org.testng.reporters.JUnitReportReporter -->
<testsuite hostname="ejijo-in" name="TestCases.PRM.Test10" tests="1" failures="0" timestamp="17 Jul 2019 16:25:46 GMT" time="15.532" errors="0">
  <testcase name="f" time="15.532" classname="TestCases.PRM.Test10"/>
</testsuite> <!-- TestCases.PRM.Test10 -->
